Currently Loaded Modulefiles:
  1) gcc/9.2.0              5) python/3.6.6           9) cmake/3.18.4
  2) hwloc/2.0.4            6) python/3.6.3          10) boost/1.70.0
  3) openmpi/4.0.3          7) hdf5-parallel/1.10.6  11) libxml2/2.9.9
  4) PE-gnu/4.0             8) fftw/3.3.5            12) mkl/2018.1.163
--------------------------------------------------------------------------
The library attempted to open the following supporting CUDA libraries,
but each of them failed.  CUDA-aware support is disabled.
libcuda.so.1: cannot open shared object file: No such file or directory
libcuda.dylib: cannot open shared object file: No such file or directory
/usr/lib64/libcuda.so.1: cannot open shared object file: No such file or directory
/usr/lib64/libcuda.dylib: cannot open shared object file: No such file or directory
If you are not interested in CUDA-aware support, then run with
--mca opal_warn_on_missing_libcuda 0 to suppress this message.  If you are interested
in CUDA-aware support, then try setting LD_LIBRARY_PATH to the location
of libcuda.so.1 to get passed this issue.
--------------------------------------------------------------------------
--------------------------------------------------------------------------
By default, for Open MPI 4.0 and later, infiniband ports on a device
are not used by default.  The intent is to use UCX for these devices.
You can override this policy by setting the btl_openib_allow_ib MCA parameter
to true.

  Local host:              or-condo-c107
  Local adapter:           mlx4_0
  Local port:              1

--------------------------------------------------------------------------
--------------------------------------------------------------------------
WARNING: There was an error initializing an OpenFabrics device.

  Local host:   or-condo-c107
  Local device: mlx4_0
--------------------------------------------------------------------------
[or-condo-c99.ornl.gov:10437] 15 more processes have sent help message help-mpi-common-cuda.txt / dlopen failed
[or-condo-c99.ornl.gov:10437] Set MCA parameter "orte_base_help_aggregate" to 0 to see all help / error messages
[or-condo-c99.ornl.gov:10437] 15 more processes have sent help message help-mpi-btl-openib.txt / ib port not selected
[or-condo-c99.ornl.gov:10437] 15 more processes have sent help message help-mpi-btl-openib.txt / error in device init
